app/build/intermediates/manifest_merge_blame_file/debug/manifest-merger-blame-debug-report.txt
1<?xml version="1.0" encoding="utf-8"?>
2<manifest xmlns:android="http://schemas.android.com/apk/res/android"
3    package="com.example.plan_me"
4    android:versionCode="1"
5    android:versionName="1.0" >
6
7    <uses-sdk
8        android:minSdkVersion="26"
9        android:targetSdkVersion="33" />
10
11    <!-- 인터넷 사용 권한 설정 -->
12    <uses-permission android:name="android.permission.INTERNET" />
12-->src/main/AndroidManifest.xml:6:5-67
12-->src/main/AndroidManifest.xml:6:22-64
13    <uses-permission android:name="android.permission.ACCESS_NETWORK_STATE" />
13-->[com.google.firebase:firebase-auth:22.3.0] AndroidManifest.xml:26:5-79
13-->[com.google.firebase:firebase-auth:22.3.0] AndroidManifest.xml:26:22-76
14
15    <queries>
15-->[com.kakao.sdk:v2-common:2.12.1] AndroidManifest.xml:9:5-22:15
16        <package android:name="com.kakao.talk" />
16-->[com.kakao.sdk:v2-common:2.12.1] AndroidManifest.xml:10:9-50
16-->[com.kakao.sdk:v2-common:2.12.1] AndroidManifest.xml:10:18-47
17        <package android:name="com.kakao.talk.alpha" />
17-->[com.kakao.sdk:v2-common:2.12.1] AndroidManifest.xml:11:9-56
17-->[com.kakao.sdk:v2-common:2.12.1] AndroidManifest.xml:11:18-53
18        <package android:name="com.kakao.talk.sandbox" />
18-->[com.kakao.sdk:v2-common:2.12.1] AndroidManifest.xml:12:9-58
18-->[com.kakao.sdk:v2-common:2.12.1] AndroidManifest.xml:12:18-55
19        <package android:name="com.kakao.onetalk" />
19-->[com.kakao.sdk:v2-common:2.12.1] AndroidManifest.xml:13:9-53
19-->[com.kakao.sdk:v2-common:2.12.1] AndroidManifest.xml:13:18-50
20
21        <intent>
21-->[com.kakao.sdk:v2-common:2.12.1] AndroidManifest.xml:15:9-21:18
22            <action android:name="android.intent.action.VIEW" />
22-->src/main/AndroidManifest.xml:41:17-69
22-->src/main/AndroidManifest.xml:41:25-66
23
24            <category android:name="android.intent.category.BROWSABLE" />
24-->src/main/AndroidManifest.xml:44:17-78
24-->src/main/AndroidManifest.xml:44:27-75
25
26            <data android:scheme="https" />
26-->src/main/AndroidManifest.xml:46:17-48:78
26-->src/main/AndroidManifest.xml:48:21-75
27        </intent>
28    </queries>
29
30    <permission
30-->[androidx.core:core:1.12.0] AndroidManifest.xml:22:5-24:47
31        android:name="com.example.plan_me.DYNAMIC_RECEIVER_NOT_EXPORTED_PERMISSION"
31-->[androidx.core:core:1.12.0] AndroidManifest.xml:23:9-81
32        android:protectionLevel="signature" />
32-->[androidx.core:core:1.12.0] AndroidManifest.xml:24:9-44
33
34    <uses-permission android:name="com.example.plan_me.DYNAMIC_RECEIVER_NOT_EXPORTED_PERMISSION" />
34-->[androidx.core:core:1.12.0] AndroidManifest.xml:26:5-97
34-->[androidx.core:core:1.12.0] AndroidManifest.xml:26:22-94
35
36    <application
36-->src/main/AndroidManifest.xml:8:5-56:19
37        android:name="com.example.plan_me.utils.GlobalApplication"
37-->src/main/AndroidManifest.xml:9:9-48
38        android:allowBackup="true"
38-->src/main/AndroidManifest.xml:10:9-35
39        android:appComponentFactory="androidx.core.app.CoreComponentFactory"
39-->[androidx.core:core:1.12.0] AndroidManifest.xml:28:18-86
40        android:dataExtractionRules="@xml/data_extraction_rules"
40-->src/main/AndroidManifest.xml:11:9-65
41        android:debuggable="true"
42        android:extractNativeLibs="false"
43        android:fullBackupContent="@xml/backup_rules"
43-->src/main/AndroidManifest.xml:12:9-54
44        android:icon="@mipmap/ic_launcher"
44-->src/main/AndroidManifest.xml:13:9-43
45        android:label="@string/app_name"
45-->src/main/AndroidManifest.xml:14:9-41
46        android:roundIcon="@mipmap/ic_launcher_round"
46-->src/main/AndroidManifest.xml:15:9-54
47        android:supportsRtl="true"
47-->src/main/AndroidManifest.xml:16:9-35
48        android:testOnly="true"
49        android:theme="@style/Theme.Plan_Me" >
49-->src/main/AndroidManifest.xml:17:9-45
50        <meta-data
50-->src/main/AndroidManifest.xml:19:9-21:52
51            android:name="com.kakao.sdk.AppKey"
51-->src/main/AndroidManifest.xml:20:13-48
52            android:value="@string/kakao_appkey" />
52-->src/main/AndroidManifest.xml:21:13-49
53
54        <activity
54-->src/main/AndroidManifest.xml:23:9-31:20
55            android:name="com.example.plan_me.ui.spalsh.SplashActivity"
55-->src/main/AndroidManifest.xml:24:13-53
56            android:exported="true" >
56-->src/main/AndroidManifest.xml:25:13-36
57            <intent-filter>
57-->src/main/AndroidManifest.xml:26:13-30:29
58                <action android:name="android.intent.action.MAIN" />
58-->src/main/AndroidManifest.xml:27:17-69
58-->src/main/AndroidManifest.xml:27:25-66
59
60                <category android:name="android.intent.category.LAUNCHER" />
60-->src/main/AndroidManifest.xml:29:17-77
60-->src/main/AndroidManifest.xml:29:27-74
61            </intent-filter>
62        </activity>
63        <activity android:name="com.example.plan_me.ui.login.LoginActivity" >
63-->src/main/AndroidManifest.xml:33:9-35:20
63-->src/main/AndroidManifest.xml:34:13-51
64        </activity>
65        <!-- 카카오 로그인, 인가코드를 받기 위한 액티비티 -->
66        <activity
66-->src/main/AndroidManifest.xml:37:9-50:20
67            android:name="com.kakao.sdk.auth.AuthCodeHandlerActivity"
67-->src/main/AndroidManifest.xml:38:13-70
68            android:exported="true"
68-->src/main/AndroidManifest.xml:39:13-36
69            android:launchMode="singleTask"
69-->[com.kakao.sdk:v2-auth:2.12.1] AndroidManifest.xml:18:13-44
70            android:theme="@style/TransparentCompat" >
70-->[com.kakao.sdk:v2-auth:2.12.1] AndroidManifest.xml:19:13-53
71            <intent-filter>
71-->src/main/AndroidManifest.xml:40:13-49:29
72                <action android:name="android.intent.action.VIEW" />
72-->src/main/AndroidManifest.xml:41:17-69
72-->src/main/AndroidManifest.xml:41:25-66
73
74                <category android:name="android.intent.category.DEFAULT" />
74-->src/main/AndroidManifest.xml:43:17-76
74-->src/main/AndroidManifest.xml:43:27-73
75                <category android:name="android.intent.category.BROWSABLE" />
75-->src/main/AndroidManifest.xml:44:17-78
75-->src/main/AndroidManifest.xml:44:27-75
76
77                <data
77-->src/main/AndroidManifest.xml:46:17-48:78
78                    android:host="oauth"
78-->src/main/AndroidManifest.xml:47:21-41
79                    android:scheme="kakao55b1939dd22f9a5ef6176930e7a09231" />
79-->src/main/AndroidManifest.xml:48:21-75
80            </intent-filter>
81        </activity>
82        <activity android:name="com.example.plan_me.ui.timer.TimerFocusActivity" />
82-->src/main/AndroidManifest.xml:52:9-64
82-->src/main/AndroidManifest.xml:52:19-62
83        <activity android:name="com.example.plan_me.ui.timer.TimerBreakActivity" />
83-->src/main/AndroidManifest.xml:53:9-64
83-->src/main/AndroidManifest.xml:53:19-62
84        <activity android:name="com.example.plan_me.MainActivity" />
84-->src/main/AndroidManifest.xml:54:9-49
84-->src/main/AndroidManifest.xml:54:19-47
85        <activity
85-->[com.kakao.sdk:v2-auth:2.12.1] AndroidManifest.xml:10:9-15:56
86            android:name="com.kakao.sdk.auth.TalkAuthCodeActivity"
86-->[com.kakao.sdk:v2-auth:2.12.1] AndroidManifest.xml:11:13-67
87            android:configChanges="orientation|screenSize|keyboardHidden"
87-->[com.kakao.sdk:v2-auth:2.12.1] AndroidManifest.xml:12:13-74
88            android:exported="false"
88-->[com.kakao.sdk:v2-auth:2.12.1] AndroidManifest.xml:13:13-37
89            android:launchMode="singleTask"
89-->[com.kakao.sdk:v2-auth:2.12.1] AndroidManifest.xml:14:13-44
90            android:theme="@style/TransparentCompat" />
90-->[com.kakao.sdk:v2-auth:2.12.1] AndroidManifest.xml:15:13-53
91        <activity
91-->[com.google.firebase:firebase-auth:22.3.0] AndroidManifest.xml:29:9-46:20
92            android:name="com.google.firebase.auth.internal.GenericIdpActivity"
92-->[com.google.firebase:firebase-auth:22.3.0] AndroidManifest.xml:30:13-80
93            android:excludeFromRecents="true"
93-->[com.google.firebase:firebase-auth:22.3.0] AndroidManifest.xml:31:13-46
94            android:exported="true"
94-->[com.google.firebase:firebase-auth:22.3.0] AndroidManifest.xml:32:13-36
95            android:launchMode="singleTask"
95-->[com.google.firebase:firebase-auth:22.3.0] AndroidManifest.xml:33:13-44
96            android:theme="@android:style/Theme.Translucent.NoTitleBar" >
96-->[com.google.firebase:firebase-auth:22.3.0] AndroidManifest.xml:34:13-72
97            <intent-filter>
97-->[com.google.firebase:firebase-auth:22.3.0] AndroidManifest.xml:35:13-45:29
98                <action android:name="android.intent.action.VIEW" />
98-->src/main/AndroidManifest.xml:41:17-69
98-->src/main/AndroidManifest.xml:41:25-66
99
100                <category android:name="android.intent.category.DEFAULT" />
100-->src/main/AndroidManifest.xml:43:17-76
100-->src/main/AndroidManifest.xml:43:27-73
101                <category android:name="android.intent.category.BROWSABLE" />
101-->src/main/AndroidManifest.xml:44:17-78
101-->src/main/AndroidManifest.xml:44:27-75
102
103                <data
103-->src/main/AndroidManifest.xml:46:17-48:78
104                    android:host="firebase.auth"
104-->src/main/AndroidManifest.xml:47:21-41
105                    android:path="/"
106                    android:scheme="genericidp" />
106-->src/main/AndroidManifest.xml:48:21-75
107            </intent-filter>
108        </activity>
109        <activity
109-->[com.google.firebase:firebase-auth:22.3.0] AndroidManifest.xml:47:9-64:20
110            android:name="com.google.firebase.auth.internal.RecaptchaActivity"
110-->[com.google.firebase:firebase-auth:22.3.0] AndroidManifest.xml:48:13-79
111            android:excludeFromRecents="true"
111-->[com.google.firebase:firebase-auth:22.3.0] AndroidManifest.xml:49:13-46
112            android:exported="true"
112-->[com.google.firebase:firebase-auth:22.3.0] AndroidManifest.xml:50:13-36
113            android:launchMode="singleTask"
113-->[com.google.firebase:firebase-auth:22.3.0] AndroidManifest.xml:51:13-44
114            android:theme="@android:style/Theme.Translucent.NoTitleBar" >
114-->[com.google.firebase:firebase-auth:22.3.0] AndroidManifest.xml:52:13-72
115            <intent-filter>
115-->[com.google.firebase:firebase-auth:22.3.0] AndroidManifest.xml:53:13-63:29
116                <action android:name="android.intent.action.VIEW" />
116-->src/main/AndroidManifest.xml:41:17-69
116-->src/main/AndroidManifest.xml:41:25-66
117
118                <category android:name="android.intent.category.DEFAULT" />
118-->src/main/AndroidManifest.xml:43:17-76
118-->src/main/AndroidManifest.xml:43:27-73
119                <category android:name="android.intent.category.BROWSABLE" />
119-->src/main/AndroidManifest.xml:44:17-78
119-->src/main/AndroidManifest.xml:44:27-75
120
121                <data
121-->src/main/AndroidManifest.xml:46:17-48:78
122                    android:host="firebase.auth"
122-->src/main/AndroidManifest.xml:47:21-41
123                    android:path="/"
124                    android:scheme="recaptcha" />
124-->src/main/AndroidManifest.xml:48:21-75
125            </intent-filter>
126        </activity>
127
128        <service
128-->[com.google.firebase:firebase-auth:22.3.0] AndroidManifest.xml:66:9-72:19
129            android:name="com.google.firebase.components.ComponentDiscoveryService"
129-->[com.google.firebase:firebase-auth:22.3.0] AndroidManifest.xml:67:13-84
130            android:directBootAware="true"
130-->[com.google.firebase:firebase-common:20.4.2] AndroidManifest.xml:32:13-43
131            android:exported="false" >
131-->[com.google.firebase:firebase-auth:22.3.0] AndroidManifest.xml:68:13-37
132            <meta-data
132-->[com.google.firebase:firebase-auth:22.3.0] AndroidManifest.xml:69:13-71:85
133                android:name="com.google.firebase.components:com.google.firebase.auth.FirebaseAuthRegistrar"
133-->[com.google.firebase:firebase-auth:22.3.0] AndroidManifest.xml:70:17-109
134                android:value="com.google.firebase.components.ComponentRegistrar" />
134-->[com.google.firebase:firebase-auth:22.3.0] AndroidManifest.xml:71:17-82
135            <meta-data
135-->[com.google.firebase:firebase-common-ktx:20.4.2] AndroidManifest.xml:12:13-14:85
136                android:name="com.google.firebase.components:com.google.firebase.ktx.FirebaseCommonLegacyRegistrar"
136-->[com.google.firebase:firebase-common-ktx:20.4.2] AndroidManifest.xml:13:17-116
137                android:value="com.google.firebase.components.ComponentRegistrar" />
137-->[com.google.firebase:firebase-common-ktx:20.4.2] AndroidManifest.xml:14:17-82
138            <meta-data
138-->[com.google.firebase:firebase-common:20.4.2] AndroidManifest.xml:35:13-37:85
139                android:name="com.google.firebase.components:com.google.firebase.FirebaseCommonKtxRegistrar"
139-->[com.google.firebase:firebase-common:20.4.2] AndroidManifest.xml:36:17-109
140                android:value="com.google.firebase.components.ComponentRegistrar" />
140-->[com.google.firebase:firebase-common:20.4.2] AndroidManifest.xml:37:17-82
141        </service>
142
143        <activity
143-->[com.google.android.gms:play-services-auth:20.7.0] AndroidManifest.xml:23:9-27:75
144            android:name="com.google.android.gms.auth.api.signin.internal.SignInHubActivity"
144-->[com.google.android.gms:play-services-auth:20.7.0] AndroidManifest.xml:24:13-93
145            android:excludeFromRecents="true"
145-->[com.google.android.gms:play-services-auth:20.7.0] AndroidManifest.xml:25:13-46
146            android:exported="false"
146-->[com.google.android.gms:play-services-auth:20.7.0] AndroidManifest.xml:26:13-37
147            android:theme="@android:style/Theme.Translucent.NoTitleBar" />
147-->[com.google.android.gms:play-services-auth:20.7.0] AndroidManifest.xml:27:13-72
148        <!--
149            Service handling Google Sign-In user revocation. For apps that do not integrate with
150            Google Sign-In, this service will never be started.
151        -->
152        <service
152-->[com.google.android.gms:play-services-auth:20.7.0] AndroidManifest.xml:33:9-37:51
153            android:name="com.google.android.gms.auth.api.signin.RevocationBoundService"
153-->[com.google.android.gms:play-services-auth:20.7.0] AndroidManifest.xml:34:13-89
154            android:exported="true"
154-->[com.google.android.gms:play-services-auth:20.7.0] AndroidManifest.xml:35:13-36
155            android:permission="com.google.android.gms.auth.api.signin.permission.REVOCATION_NOTIFICATION"
155-->[com.google.android.gms:play-services-auth:20.7.0] AndroidManifest.xml:36:13-107
156            android:visibleToInstantApps="true" />
156-->[com.google.android.gms:play-services-auth:20.7.0] AndroidManifest.xml:37:13-48
157
158        <provider
158-->[com.google.firebase:firebase-common:20.4.2] AndroidManifest.xml:23:9-28:39
159            android:name="com.google.firebase.provider.FirebaseInitProvider"
159-->[com.google.firebase:firebase-common:20.4.2] AndroidManifest.xml:24:13-77
160            android:authorities="com.example.plan_me.firebaseinitprovider"
160-->[com.google.firebase:firebase-common:20.4.2] AndroidManifest.xml:25:13-72
161            android:directBootAware="true"
161-->[com.google.firebase:firebase-common:20.4.2] AndroidManifest.xml:26:13-43
162            android:exported="false"
162-->[com.google.firebase:firebase-common:20.4.2] AndroidManifest.xml:27:13-37
163            android:initOrder="100" />
163-->[com.google.firebase:firebase-common:20.4.2] AndroidManifest.xml:28:13-36
164
165        <activity
165-->[com.google.android.gms:play-services-base:18.0.1] AndroidManifest.xml:20:9-22:45
166            android:name="com.google.android.gms.common.api.GoogleApiActivity"
166-->[com.google.android.gms:play-services-base:18.0.1] AndroidManifest.xml:20:19-85
167            android:exported="false"
167-->[com.google.android.gms:play-services-base:18.0.1] AndroidManifest.xml:22:19-43
168            android:theme="@android:style/Theme.Translucent.NoTitleBar" />
168-->[com.google.android.gms:play-services-base:18.0.1] AndroidManifest.xml:21:19-78
169        <activity
169-->[androidx.compose.ui:ui-tooling-android:1.6.0-beta02] AndroidManifest.xml:23:9-25:39
170            android:name="androidx.compose.ui.tooling.PreviewActivity"
170-->[androidx.compose.ui:ui-tooling-android:1.6.0-beta02] AndroidManifest.xml:24:13-71
171            android:exported="true" />
171-->[androidx.compose.ui:ui-tooling-android:1.6.0-beta02] AndroidManifest.xml:25:13-36
172
173        <provider
173-->[androidx.emoji2:emoji2:1.3.0] AndroidManifest.xml:24:9-32:20
174            android:name="androidx.startup.InitializationProvider"
174-->[androidx.emoji2:emoji2:1.3.0] AndroidManifest.xml:25:13-67
175            android:authorities="com.example.plan_me.androidx-startup"
175-->[androidx.emoji2:emoji2:1.3.0] AndroidManifest.xml:26:13-68
176            android:exported="false" >
176-->[androidx.emoji2:emoji2:1.3.0] AndroidManifest.xml:27:13-37
177            <meta-data
177-->[androidx.emoji2:emoji2:1.3.0] AndroidManifest.xml:29:13-31:52
178                android:name="androidx.emoji2.text.EmojiCompatInitializer"
178-->[androidx.emoji2:emoji2:1.3.0] AndroidManifest.xml:30:17-75
179                android:value="androidx.startup" />
179-->[androidx.emoji2:emoji2:1.3.0] AndroidManifest.xml:31:17-49
180            <meta-data
180-->[androidx.lifecycle:lifecycle-process:2.6.1] AndroidManifest.xml:29:13-31:52
181                android:name="androidx.lifecycle.ProcessLifecycleInitializer"
181-->[androidx.lifecycle:lifecycle-process:2.6.1] AndroidManifest.xml:30:17-78
182                android:value="androidx.startup" />
182-->[androidx.lifecycle:lifecycle-process:2.6.1] AndroidManifest.xml:31:17-49
183            <meta-data
183-->[androidx.profileinstaller:profileinstaller:1.3.0] AndroidManifest.xml:29:13-31:52
184                android:name="androidx.profileinstaller.ProfileInstallerInitializer"
184-->[androidx.profileinstaller:profileinstaller:1.3.0] AndroidManifest.xml:30:17-85
185                android:value="androidx.startup" />
185-->[androidx.profileinstaller:profileinstaller:1.3.0] AndroidManifest.xml:31:17-49
186        </provider>
187
188        <meta-data
188-->[com.google.android.gms:play-services-basement:18.2.0] AndroidManifest.xml:21:9-23:69
189            android:name="com.google.android.gms.version"
189-->[com.google.android.gms:play-services-basement:18.2.0] AndroidManifest.xml:22:13-58
190            android:value="@integer/google_play_services_version" />
190-->[com.google.android.gms:play-services-basement:18.2.0] AndroidManifest.xml:23:13-66
191
192        <receiver
192-->[androidx.profileinstaller:profileinstaller:1.3.0] AndroidManifest.xml:34:9-52:20
193            android:name="androidx.profileinstaller.ProfileInstallReceiver"
193-->[androidx.profileinstaller:profileinstaller:1.3.0] AndroidManifest.xml:35:13-76
194            android:directBootAware="false"
194-->[androidx.profileinstaller:profileinstaller:1.3.0] AndroidManifest.xml:36:13-44
195            android:enabled="true"
195-->[androidx.profileinstaller:profileinstaller:1.3.0] AndroidManifest.xml:37:13-35
196            android:exported="true"
196-->[androidx.profileinstaller:profileinstaller:1.3.0] AndroidManifest.xml:38:13-36
197            android:permission="android.permission.DUMP" >
197-->[androidx.profileinstaller:profileinstaller:1.3.0] AndroidManifest.xml:39:13-57
198            <intent-filter>
198-->[androidx.profileinstaller:profileinstaller:1.3.0] AndroidManifest.xml:40:13-42:29
199                <action android:name="androidx.profileinstaller.action.INSTALL_PROFILE" />
199-->[androidx.profileinstaller:profileinstaller:1.3.0] AndroidManifest.xml:41:17-91
199-->[androidx.profileinstaller:profileinstaller:1.3.0] AndroidManifest.xml:41:25-88
200            </intent-filter>
201            <intent-filter>
201-->[androidx.profileinstaller:profileinstaller:1.3.0] AndroidManifest.xml:43:13-45:29
202                <action android:name="androidx.profileinstaller.action.SKIP_FILE" />
202-->[androidx.profileinstaller:profileinstaller:1.3.0] AndroidManifest.xml:44:17-85
202-->[androidx.profileinstaller:profileinstaller:1.3.0] AndroidManifest.xml:44:25-82
203            </intent-filter>
204            <intent-filter>
204-->[androidx.profileinstaller:profileinstaller:1.3.0] AndroidManifest.xml:46:13-48:29
205                <action android:name="androidx.profileinstaller.action.SAVE_PROFILE" />
205-->[androidx.profileinstaller:profileinstaller:1.3.0] AndroidManifest.xml:47:17-88
205-->[androidx.profileinstaller:profileinstaller:1.3.0] AndroidManifest.xml:47:25-85
206            </intent-filter>
207            <intent-filter>
207-->[androidx.profileinstaller:profileinstaller:1.3.0] AndroidManifest.xml:49:13-51:29
208                <action android:name="androidx.profileinstaller.action.BENCHMARK_OPERATION" />
208-->[androidx.profileinstaller:profileinstaller:1.3.0] AndroidManifest.xml:50:17-95
208-->[androidx.profileinstaller:profileinstaller:1.3.0] AndroidManifest.xml:50:25-92
209            </intent-filter>
210        </receiver>
211    </application>
212
213</manifest>